#
# A fatal error has been detected by the Java Runtime Environment:
#
#  EXCEPTION_ACCESS_VIOLATION (0xc0000005) at pc=0x502aa80d, pid=7380, tid=8196
#
# JRE version: Java(TM) SE Runtime Environment (8.0_45-b15) (build 1.8.0_45-b15)
# Java VM: Java HotSpot(TM) Client VM (25.45-b02 mixed mode windows-x86 )
# Problematic frame:
# V  [jvm.dll+0xca80d]
#
# Failed to write core dump. Minidumps are not enabled by default on client versions of Windows
#
# If you would like to submit a bug report, please visit:
#   http://bugreport.java.com/bugreport/crash.jsp
#

---------------  T H R E A D  ---------------

Current thread (0x14c91400):  JavaThread "JDWP Transport Listener: dt_socket" daemon [_thread_in_vm, id=8196, stack(0x15390000,0x153e0000)]

siginfo: ExceptionCode=0xc0000005, reading address 0x00000008

Registers:
EAX=0x00000008, EBX=0x00000000, ECX=0x00000008, EDX=0x00000000
ESP=0x153dfa48, EBP=0x153dfa4c, ESI=0x14c91400, EDI=0x02518eb8
EIP=0x502aa80d, EFLAGS=0x00010202

Top of Stack: (sp=0x153dfa48)
0x153dfa48:   14c91400 153dfa74 50404914 00000008
0x153dfa58:   153dfb2c 153dfaaf 14c91400 00000000
0x153dfa68:   00000000 00000000 14c91400 153dfab0
0x153dfa78:   64529f80 02518eb8 00000008 153dfaaf
0x153dfa88:   00000008 6451436d 00000008 153dfaaf
0x153dfa98:   00000003 00000000 00000000 00000009
0x153dfaa8:   00000000 00c9f38c 153dfad0 645144e0
0x153dfab8:   00000001 153dfaec 153dfb28 14d3d970 

Instructions: (pc=0x502aa80d)
0x502aa7ed:   5d c3 52 e8 5b f9 ff ff 5d c3 cc cc cc cc cc cc
0x502aa7fd:   cc cc cc 55 8b ec 8b 45 08 85 c0 75 02 5d c3 56
0x502aa80d:   8b 30 85 f6 74 17 83 fe 37 74 12 8b 06 8b 50 08
0x502aa81d:   8b ce ff d2 84 c0 74 05 8b c6 5e 5d c3 33 c0 5e 


Register to memory mapping:

EAX=0x00000008 is an unknown value
EBX=0x00000000 is an unknown value
ECX=0x00000008 is an unknown value
EDX=0x00000000 is an unknown value
ESP=0x153dfa48 is pointing into the stack for thread: 0x14c91400
EBP=0x153dfa4c is pointing into the stack for thread: 0x14c91400
ESI=0x14c91400 is a thread
EDI=0x02518eb8 is an unknown value


Stack: [0x15390000,0x153e0000],  sp=0x153dfa48,  free space=318k
Native frames: (J=compiled Java code, j=interpreted, Vv=VM code, C=native code)
V  [jvm.dll+0xca80d]
V  [jvm.dll+0x224914]
C  [jdwp.dll+0x19f80]
C  [jdwp.dll+0x44e0]
C  [jdwp.dll+0x451e]
C  0x70cb1401


---------------  P R O C E S S  ---------------

Java Threads: ( => current thread )
  0x14cb1800 JavaThread "Service Thread" daemon [_thread_blocked, id=3624, stack(0x155d0000,0x15620000)]
  0x14cb0000 JavaThread "C1 CompilerThread0" daemon [_thread_blocked, id=13932, stack(0x15540000,0x15590000)]
  0x14ca1000 JavaThread "JDWP Command Reader" daemon [_thread_in_native, id=2772, stack(0x154b0000,0x15500000)]
  0x14c93c00 JavaThread "JDWP Event Helper Thread" daemon [_thread_blocked, id=8008, stack(0x15420000,0x15470000)]
=>0x14c91400 JavaThread "JDWP Transport Listener: dt_socket" daemon [_thread_in_vm, id=8196, stack(0x15390000,0x153e0000)]
  0x14c99400 JavaThread "Attach Listener" daemon [_thread_blocked, id=860, stack(0x14fc0000,0x15010000)]
  0x14c97400 JavaThread "Signal Dispatcher" daemon [_thread_blocked, id=9304, stack(0x14f30000,0x14f80000)]
  0x14c67400 JavaThread "Finalizer" daemon [_thread_blocked, id=10556, stack(0x14ea0000,0x14ef0000)]
  0x14c62800 JavaThread "Reference Handler" daemon [_thread_blocked, id=9104, stack(0x04780000,0x047d0000)]
  0x0251cc00 JavaThread "main" [_thread_blocked, id=6860, stack(0x023e0000,0x02430000)]

Other Threads:
  0x0261d800 VMThread [stack: 0x046f0000,0x04740000] [id=11828]
  0x14cb3800 WatcherThread [stack: 0x15660000,0x156b0000] [id=980]

VM state:not at safepoint (normal execution)

VM Mutex/Monitor currently owned by a thread: None

Heap:
 def new generation   total 4928K, used 2750K [0x04800000, 0x04d50000, 0x09d50000)
  eden space 4416K,  62% used [0x04800000, 0x04aaf9c0, 0x04c50000)
  from space 512K,   0% used [0x04c50000, 0x04c50000, 0x04cd0000)
  to   space 512K,   0% used [0x04cd0000, 0x04cd0000, 0x04d50000)
 tenured generation   total 10944K, used 0K [0x09d50000, 0x0a800000, 0x14800000)
   the space 10944K,   0% used [0x09d50000, 0x09d50000, 0x09d50200, 0x0a800000)
 Metaspace       used 1978K, capacity 2312K, committed 2368K, reserved 4480K

Card table byte_map: [0x04620000,0x046b0000] byte_map_base: 0x045fc000

Polling page: 0x02360000

CodeCache: size=32768Kb used=871Kb max_used=871Kb free=31896Kb
 bounds [0x02620000, 0x02700000, 0x04620000]
 total_blobs=197 nmethods=62 adapters=74
 compilation: enabled

Compilation events (10 events):
Event: 0.180 Thread 0x14cb0000   58 % !         org.json.simple.parser.JSONParser::parse @ 22 (983 bytes)
Event: 0.186 Thread 0x14cb0000 nmethod 58% 0x026e2188 code [0x026e2860, 0x026e590c]
Event: 0.186 Thread 0x14cb0000   59   !         org.json.simple.parser.Yylex::yylex (907 bytes)
Event: 0.191 Thread 0x14cb0000 nmethod 59 0x026ea788 code [0x026eac40, 0x026eddbc]
Event: 0.192 Thread 0x14cb0000   60             sun.net.www.ParseUtil::encodePath (336 bytes)
Event: 0.193 Thread 0x14cb0000 nmethod 60 0x026f1a48 code [0x026f1bf0, 0x026f22c8]
Event: 2.363 Thread 0x14cb0000   61             java.io.WinNTFileSystem::normalize (143 bytes)
Event: 2.364 Thread 0x14cb0000 nmethod 61 0x026f29c8 code [0x026f2b20, 0x026f2dbc]
Event: 4.334 Thread 0x14cb0000   62   !         org.json.simple.parser.JSONParser::parse (983 bytes)
Event: 4.339 Thread 0x14cb0000 nmethod 62 0x026f3108 code [0x026f37a0, 0x026f577c]

GC Heap History (0 events):
No events

Deoptimization events (0 events):
No events

Internal exceptions (2 events):
Event: 0.037 Thread 0x0251cc00 Exception <a 'java/lang/NoSuchMethodError': Method sun.misc.Unsafe.defineClass(Ljava/lang/String;[BII)Ljava/lang/Class; name or signature does not match> (0x0480bfb8) thrown at [C:\re\workspace\8-2-build-windows-i586-cygwin\jdk8u45\3627\hotspot\src\share\vMÑ›ùñ¯¢?
Event: 0.037 Thread 0x0251cc00 Exception <a 'java/lang/NoSuchMethodError': Method sun.misc.Unsafe.prefetchRead(Ljava/lang/Object;J)V name or signature does not match> (0x0480c238) thrown at [C:\re\workspace\8-2-build-windows-i586-cygwin\jdk8u45\3627\hotspot\src\share\vm\prims\jni.cpp, l

Events (10 events):
Event: 8.037 Executing VM operation: GetOrSetLocal
Event: 8.037 Executing VM operation: GetOrSetLocal done
Event: 8.089 Executing VM operation: GetOrSetLocal
Event: 8.089 Executing VM operation: GetOrSetLocal done
Event: 8.089 Executing VM operation: GetOrSetLocal
Event: 8.090 Executing VM operation: GetOrSetLocal done
Event: 8.090 Executing VM operation: GetOrSetLocal
Event: 8.090 Executing VM operation: GetOrSetLocal done
Event: 551.819 Executing VM operation: RedefineClasses
Event: 551.819 Executing VM operation: RedefineClasses done


Dynamic libraries:
0x003c0000 - 0x003f3000 	C:\Program Files (x86)\Java\jdk1.8.0_45\bin\javaw.exe
0x770b0000 - 0x7722b000 	C:\WINDOWS\SYSTEM32\ntdll.dll
0x75150000 - 0x75230000 	C:\WINDOWS\SYSTEM32\KERNEL32.DLL
0x74e20000 - 0x74f9e000 	C:\WINDOWS\SYSTEM32\KERNELBASE.dll
0x73e00000 - 0x73e7b000 	C:\WINDOWS\SYSTEM32\ADVAPI32.dll
0x75500000 - 0x755be000 	C:\WINDOWS\SYSTEM32\msvcrt.dll
0x74350000 - 0x74394000 	C:\WINDOWS\SYSTEM32\sechost.dll
0x74cc0000 - 0x74d6d000 	C:\WINDOWS\SYSTEM32\RPCRT4.dll
0x73de0000 - 0x73dfe000 	C:\WINDOWS\SYSTEM32\SspiCli.dll
0x73dd0000 - 0x73dda000 	C:\WINDOWS\SYSTEM32\CRYPTBASE.dll
0x74ac0000 - 0x74b18000 	C:\WINDOWS\SYSTEM32\bcryptPrimitives.dll
0x744c0000 - 0x74607000 	C:\WINDOWS\SYSTEM32\USER32.dll
0x74b20000 - 0x74c6f000 	C:\WINDOWS\SYSTEM32\GDI32.dll
0x6bcd0000 - 0x6bedf000 	C:\WINDOWS\WinSxS\x86_microsoft.windows.common-controls_6595b64144ccf1df_6.0.10586.494_none_ea85e725b9ba5a4b\COMCTL32.dll
0x74040000 - 0x741fd000 	C:\WINDOWS\SYSTEM32\combase.dll
0x74fa0000 - 0x74fcb000 	C:\WINDOWS\SYSTEM32\IMM32.DLL
0x505a0000 - 0x5065f000 	C:\Program Files (x86)\Java\jdk1.8.0_45\jre\bin\msvcr100.dll
0x501e0000 - 0x505a0000 	C:\Program Files (x86)\Java\jdk1.8.0_45\jre\bin\client\jvm.dll
0x73e80000 - 0x73e86000 	C:\WINDOWS\SYSTEM32\PSAPI.DLL
0x71b70000 - 0x71b78000 	C:\WINDOWS\SYSTEM32\WSOCK32.dll
0x730e0000 - 0x73104000 	C:\WINDOWS\SYSTEM32\WINMM.dll
0x73fe0000 - 0x7403f000 	C:\WINDOWS\SYSTEM32\WS2_32.dll
0x73010000 - 0x73018000 	C:\WINDOWS\SYSTEM32\VERSION.dll
0x02330000 - 0x02353000 	C:\WINDOWS\SYSTEM32\WINMMBASE.dll
0x77070000 - 0x770a7000 	C:\WINDOWS\SYSTEM32\cfgmgr32.dll
0x67960000 - 0x6796c000 	C:\Program Files (x86)\Java\jdk1.8.0_45\jre\bin\verify.dll
0x64540000 - 0x64561000 	C:\Program Files (x86)\Java\jdk1.8.0_45\jre\bin\java.dll
0x64510000 - 0x64539000 	C:\Program Files (x86)\Java\jdk1.8.0_45\jre\bin\jdwp.dll
0x672c0000 - 0x672c7000 	C:\Program Files (x86)\Java\jdk1.8.0_45\jre\bin\npt.dll
0x644f0000 - 0x64503000 	C:\Program Files (x86)\Java\jdk1.8.0_45\jre\bin\zip.dll
0x755c0000 - 0x769be000 	C:\WINDOWS\SYSTEM32\SHELL32.dll
0x769f0000 - 0x76eea000 	C:\WINDOWS\SYSTEM32\windows.storage.dll
0x74610000 - 0x74655000 	C:\WINDOWS\SYSTEM32\shlwapi.dll
0x769c0000 - 0x769cc000 	C:\WINDOWS\SYSTEM32\kernel.appcore.dll
0x74430000 - 0x744bd000 	C:\WINDOWS\SYSTEM32\shcore.dll
0x74a70000 - 0x74ab4000 	C:\WINDOWS\SYSTEM32\powrprof.dll
0x743a0000 - 0x743af000 	C:\WINDOWS\SYSTEM32\profapi.dll
0x67150000 - 0x67158000 	C:\Program Files (x86)\Java\jdk1.8.0_45\jre\bin\dt_socket.dll
0x5fd60000 - 0x5fd72000 	C:\WINDOWS\system32\napinsp.dll
0x5fd40000 - 0x5fd56000 	C:\WINDOWS\system32\pnrpnsp.dll
0x6e7c0000 - 0x6e7d4000 	C:\WINDOWS\system32\NLAapi.dll
0x736a0000 - 0x736ef000 	C:\WINDOWS\System32\mswsock.dll
0x71fa0000 - 0x72024000 	C:\WINDOWS\SYSTEM32\DNSAPI.dll
0x75140000 - 0x75147000 	C:\WINDOWS\SYSTEM32\NSI.dll
0x5fd30000 - 0x5fd3b000 	C:\WINDOWS\System32\winrnr.dll
0x65c90000 - 0x65ca1000 	C:\WINDOWS\System32\wshbth.dll
0x6b850000 - 0x6b897000 	C:\WINDOWS\System32\fwpuclnt.dll
0x73860000 - 0x7387b000 	C:\WINDOWS\SYSTEM32\bcrypt.dll
0x71b00000 - 0x71b08000 	C:\Windows\System32\rasadhlp.dll
0x73520000 - 0x7365f000 	C:\WINDOWS\SYSTEM32\dbghelp.dll

VM Arguments:
jvm_args: -agentlib:jdwp=transport=dt_socket,suspend=y,address=localhost:23896 -Dfile.encoding=Cp1252 
java_command: GraphTest
java_class_path (initial): C:\Users\Reshma\git\related-search\bin;C:\Users\Reshma\Downloads\json-simple-1.1.1.jar\json-simple-1.1.1.jar
Launcher Type: SUN_STANDARD

Environment Variables:
JAVA_HOME=C:\Program Files (x86)\Java\jdk1.8.0_45
PATH=C:\Program Files (x86)\Java\jdk1.8.0_45\jre\bin;C:/Program Files (x86)/Java/jre1.8.0_60/bin/client;C:/Program Files (x86)/Java/jre1.8.0_60/bin;C:/Program Files (x86)/Java/jre1.8.0_60/lib/i386;C:\ProgramData\Oracle\Java\javapath;C:\Program Files (x86)\Intel\iCLS Client\;C:\Program Files\Intel\iCLS Client\;C:\WINDOWS\system32;C:\WINDOWS;C:\WINDOWS\System32\Wbem;C:\WINDOWS\System32\WindowsPowerShell\v1.0\;C:\Program Files\Intel\Intel(R) Management Engine Components\DAL;C:\Program Files\Intel\Intel(R) Management Engine Components\IPT;C:\Program Files (x86)\Intel\Intel(R) Management Engine Components\DAL;C:\Program Files (x86)\Intel\Intel(R) Management Engine Components\IPT;C:\Program Files\Intel\WiFi\bin\;C:\Program Files\Common Files\Intel\WirelessCommon\;C:\Program Files (x86)\Java\bin;C:\Program Files (x86)\Java\jdk1.8.0_45\bin;C:\WINDOWS\system32\config\systemprofile\.dnx\bin;C:\Program Files\Microsoft DNX\Dnvm\;C:\Program Files\Microsoft SQL Server\120\Tools\Binn\;C:\Program Files (x86)\Windows Kits\10\Windows Performance Toolkit\;C:\Program Files (x86)\nodejs\;C:\Python27;C:\Python27\Scripts;C:\Program Files (x86)\Skype\Phone\;C:\Program Files (x86)\MySQL\MySQL Server 5.0\bin;C:\Program Files\MySQL\MySQL Server 5.6\bin;C:\Android;C:\Windows\System32;C:\Program Files\Git\cmd;C:\Users\Reshma\.dnx\bin;C:\Users\Reshma\AppData\Roaming\npm;C:\Users\Reshma\Downloads\eclipse-jee-mars-1-win32\eclipse;
USERNAME=Reshma
OS=Windows_NT
PROCESSOR_IDENTIFIER=Intel64 Family 6 Model 69 Stepping 1, GenuineIntel



---------------  S Y S T E M  ---------------

OS: Windows 10.0 , 64 bit Build 10586 (10.0.10586.0)

CPU:total 4 (2 cores per cpu, 2 threads per core) family 6 model 69 stepping 1, cmov, cx8, fxsr, mmx, sse, sse2, sse3, ssse3, sse4.1, sse4.2, popcnt, avx, avx2, aes, clmul, erms, lzcnt, ht, tsc, tscinvbit, bmi1, bmi2

Memory: 4k page, physical 8294408k(4138820k free), swap 9605128k(2083708k free)

vm_info: Java HotSpot(TM) Client VM (25.45-b02) for windows-x86 JRE (1.8.0_45-b15), built on Apr 30 2015 12:31:00 by "java_re" with MS VC++ 10.0 (VS2010)

time: Sat Aug 27 14:16:35 2016
elapsed time: 551 seconds (0d 0h 9m 11s)

